[20:28:48] [main/INFO]: Logging in with username & password
[20:28:53] [main/INFO]: Setting user: CameronSquirrel
[20:28:55] [Client thread/INFO]: LWJGL Version: 2.9.1
[20:29:01] [Client thread/INFO]: Reloading ResourceManager: Default, FMLFileResourcePack:Forge Mod Loader, FMLFileResourcePack:Minecraft Forge, FMLFileResourcePack:Let's Mod Reboot
[20:29:02] [Sound Library Loader/INFO]: Sound engine started
[20:29:03] [Client thread/INFO]: Created: 512x256 textures/blocks-atlas
[20:29:04] [Client thread/INFO]: Created: 256x256 textures/items-atlas
[20:29:04] [Client thread/INFO]: Reloading ResourceManager: Default, FMLFileResourcePack:Forge Mod Loader, FMLFileResourcePack:Minecraft Forge, FMLFileResourcePack:Let's Mod Reboot
[20:29:04] [Client thread/INFO]: Created: 256x256 textures/items-atlas
[20:29:04] [Client thread/INFO]: Created: 512x256 textures/blocks-atlas
[20:29:05] [Sound Library Loader/INFO]: Sound engine started
[20:29:10] [Server thread/INFO]: Starting integrated minecraft server version 1.7.10
[20:29:10] [Server thread/INFO]: Generating keypair
[20:29:47] [Server thread/INFO]: Preparing start region for level 0
[20:29:48] [Server thread/INFO]: Changing view distance to 12, from 10
[20:29:48] [Server thread/INFO]: CameronSquirrel[local:E:f7415255] logged in with entity id 409 at (150.20151743087183, 51.48018616578374, -1342.943304482507)
[20:29:48] [Server thread/INFO]: CameronSquirrel joined the game
[20:30:14] [Client thread/INFO]: Stopping!
[20:30:14] [Server thread/INFO]: Stopping server
[20:30:14] [Server thread/INFO]: Saving players
[20:30:14] [Server thread/INFO]: Saving worlds
[20:30:14] [Server thread/INFO]: Saving chunks for level 'test'/Overworld
[20:30:14] [Server thread/INFO]: Saving chunks for level 'test'/Nether
[20:30:14] [Server thread/INFO]: Saving chunks for level 'test'/The End
[20:30:14] [Client Shutdown Thread/INFO]: Stopping server
[20:30:14] [Client Shutdown Thread/INFO]: Saving players
